2025-04-28 10:04:01,537 - mmdet3d - INFO - Config:
seed = 0
deterministic = False
checkpoint_config = dict(interval=1, max_keep_ckpts=1)
log_config = dict(
    interval=50,
    hooks=[dict(type='TextLoggerHook'),
           dict(type='TensorboardLoggerHook')])
load_from = None
resume_from = None
cudnn_benchmark = False
fp16 = dict(loss_scale=dict(growth_interval=2000))
max_epochs = 6
runner = dict(type='CustomEpochBasedRunner', max_epochs=6)
dataset_type = 'NuScenesDataset'
dataset_root = 'data/nuscenes/'
gt_paste_stop_epoch = -1
reduce_beams = 32
load_dim = 5
use_dim = 5
load_augmented = None
point_cloud_range = [-54.0, -54.0, -5.0, 54.0, 54.0, 3.0]
voxel_size = [0.075, 0.075, 0.2]
image_size = [256, 704]
augment2d = dict(
    resize=[[0.38, 0.55], [0.48, 0.48]],
    rotate=[-5.4, 5.4],
    gridmask=dict(prob=0.0, fixed_prob=True))
augment3d = dict(
    scale=[0.9, 1.1], rotate=[-0.78539816, 0.78539816], translate=0.5)
object_classes = [
    'car', 'truck', 'construction_vehicle', 'bus', 'trailer', 'barrier',
    'motorcycle', 'bicycle', 'pedestrian', 'traffic_cone'
]
map_classes = [
    'drivable_area', 'ped_crossing', 'walkway', 'stop_line', 'carpark_area',
    'divider'
]
input_modality = dict(
    use_lidar=True,
    use_camera=True,
    use_radar=False,
    use_map=False,
    use_external=False)
train_pipeline = [
    dict(type='LoadMultiViewImageFromFiles', to_float32=True),
    dict(
        type='LoadPointsFromFile',
        coord_type='LIDAR',
        load_dim=5,
        use_dim=5,
        reduce_beams=32,
        load_augmented=None),
    dict(
        type='LoadPointsFromMultiSweeps',
        sweeps_num=0,
        load_dim=5,
        use_dim=5,
        reduce_beams=32,
        pad_empty_sweeps=True,
        remove_close=True,
        load_augmented=None),
    dict(
        type='LoadRadarPointsMultiSweeps',
        load_dim=18,
        sweeps_num=6,
        use_dim=[
            0, 1, 2, 5, 8, 9, 18, 19, 20, 21, 22, 23, 24, 25, 26, 27, 28, 29,
            30, 31, 32, 33, 34, 35, 36, 37, 38, 39, 40, 41, 42, 43, 44, 45, 46,
            47, 48, 49, 50, 51, 52, 53, 54, 55, 56
        ],
        max_num=2500,
        compensate_velocity=True,
        filtering='none',
        normalize=False),
    dict(
        type='LoadAnnotations3D',
        with_bbox_3d=True,
        with_label_3d=True,
        with_attr_label=False),
    dict(
        type='ObjectPaste',
        stop_epoch=-1,
        db_sampler=dict(
            dataset_root='data/nuscenes/',
            info_path='data/nuscenes/nuscenes_dbinfos_train.pkl',
            rate=1.0,
            prepare=dict(
                filter_by_difficulty=[-1],
                filter_by_min_points=dict(
                    car=5,
                    truck=5,
                    bus=5,
                    trailer=5,
                    construction_vehicle=5,
                    traffic_cone=5,
                    barrier=5,
                    motorcycle=5,
                    bicycle=5,
                    pedestrian=5)),
            classes=[
                'car', 'truck', 'construction_vehicle', 'bus', 'trailer',
                'barrier', 'motorcycle', 'bicycle', 'pedestrian',
                'traffic_cone'
            ],
            sample_groups=dict(
                car=2,
                truck=3,
                construction_vehicle=7,
                bus=4,
                trailer=6,
                barrier=2,
                motorcycle=6,
                bicycle=6,
                pedestrian=2,
                traffic_cone=2),
            points_loader=dict(
                type='LoadPointsFromFile',
                coord_type='LIDAR',
                load_dim=5,
                use_dim=5,
                reduce_beams=32))),
    dict(
        type='ImageAug3D',
        final_dim=[256, 704],
        resize_lim=[0.38, 0.55],
        bot_pct_lim=[0.0, 0.0],
        rot_lim=[-5.4, 5.4],
        rand_flip=True,
        is_train=True),
    dict(
        type='GlobalRotScaleTrans',
        resize_lim=[0.9, 1.1],
        rot_lim=[-0.78539816, 0.78539816],
        trans_lim=0.5,
        is_train=True),
    dict(type='RandomFlip3D'),
    dict(
        type='PointsRangeFilter',
        point_cloud_range=[-54.0, -54.0, -5.0, 54.0, 54.0, 3.0]),
    dict(
        type='ObjectRangeFilter',
        point_cloud_range=[-54.0, -54.0, -5.0, 54.0, 54.0, 3.0]),
    dict(
        type='ObjectNameFilter',
        classes=[
            'car', 'truck', 'construction_vehicle', 'bus', 'trailer',
            'barrier', 'motorcycle', 'bicycle', 'pedestrian', 'traffic_cone'
        ]),
    dict(
        type='ImageNormalize',
        mean=[0.485, 0.456, 0.406],
        std=[0.229, 0.224, 0.225]),
    dict(
        type='GridMask',
        use_h=True,
        use_w=True,
        max_epoch=6,
        rotate=1,
        offset=False,
        ratio=0.5,
        mode=1,
        prob=0.0,
        fixed_prob=True),
    dict(type='PointShuffle'),
    dict(
        type='DefaultFormatBundle3D',
        classes=[
            'car', 'truck', 'construction_vehicle', 'bus', 'trailer',
            'barrier', 'motorcycle', 'bicycle', 'pedestrian', 'traffic_cone'
        ]),
    dict(
        type='Collect3D',
        keys=['img', 'points', 'radar', 'gt_bboxes_3d', 'gt_labels_3d'],
        meta_keys=[
            'camera_intrinsics', 'camera2ego', 'lidar2ego', 'lidar2camera',
            'lidar2image', 'camera2lidar', 'img_aug_matrix', 'lidar_aug_matrix'
        ]),
    dict(type='GTDepth', keyframe_only=True)
]
test_pipeline = [
    dict(type='LoadMultiViewImageFromFiles', to_float32=True),
    dict(
        type='LoadPointsFromFile',
        coord_type='LIDAR',
        load_dim=5,
        use_dim=5,
        reduce_beams=32,
        load_augmented=None),
    dict(
        type='LoadPointsFromMultiSweeps',
        sweeps_num=9,
        load_dim=5,
        use_dim=5,
        reduce_beams=32,
        pad_empty_sweeps=True,
        remove_close=True,
        load_augmented=None),
    dict(
        type='LoadRadarPointsMultiSweeps',
        load_dim=18,
        sweeps_num=6,
        use_dim=[
            0, 1, 2, 5, 8, 9, 18, 19, 20, 21, 22, 23, 24, 25, 26, 27, 28, 29,
            30, 31, 32, 33, 34, 35, 36, 37, 38, 39, 40, 41, 42, 43, 44, 45, 46,
            47, 48, 49, 50, 51, 52, 53, 54, 55, 56
        ],
        max_num=2500,
        compensate_velocity=True,
        filtering='none',
        normalize=False),
    dict(
        type='LoadAnnotations3D',
        with_bbox_3d=True,
        with_label_3d=True,
        with_attr_label=False),
    dict(
        type='ImageAug3D',
        final_dim=[256, 704],
        resize_lim=[0.48, 0.48],
        bot_pct_lim=[0.0, 0.0],
        rot_lim=[0.0, 0.0],
        rand_flip=False,
        is_train=False),
    dict(
        type='GlobalRotScaleTrans',
        resize_lim=[1.0, 1.0],
        rot_lim=[0.0, 0.0],
        trans_lim=0.0,
        is_train=False),
    dict(
        type='PointsRangeFilter',
        point_cloud_range=[-54.0, -54.0, -5.0, 54.0, 54.0, 3.0]),
    dict(
        type='ImageNormalize',
        mean=[0.485, 0.456, 0.406],
        std=[0.229, 0.224, 0.225]),
    dict(
        type='DefaultFormatBundle3D',
        classes=[
            'car', 'truck', 'construction_vehicle', 'bus', 'trailer',
            'barrier', 'motorcycle', 'bicycle', 'pedestrian', 'traffic_cone'
        ]),
    dict(
        type='Collect3D',
        keys=['img', 'points', 'radar', 'gt_bboxes_3d', 'gt_labels_3d'],
        meta_keys=[
            'camera_intrinsics', 'camera2ego', 'lidar2ego', 'lidar2camera',
            'lidar2image', 'camera2lidar', 'img_aug_matrix', 'lidar_aug_matrix'
        ]),
    dict(type='GTDepth', keyframe_only=True)
]
data = dict(
    samples_per_gpu=1,
    workers_per_gpu=4,
    train=dict(
        type='CBGSDataset',
        dataset=dict(
            type='NuScenesDataset',
            dataset_root='data/nuscenes/',
            ann_file='data/nuscenes/nuscenes_infos_train.pkl',
            pipeline=[
                dict(type='LoadMultiViewImageFromFiles', to_float32=True),
                dict(
                    type='LoadPointsFromFile',
                    coord_type='LIDAR',
                    load_dim=5,
                    use_dim=5,
                    reduce_beams=32,
                    load_augmented=None),
                dict(
                    type='LoadPointsFromMultiSweeps',
                    sweeps_num=0,
                    load_dim=5,
                    use_dim=5,
                    reduce_beams=32,
                    pad_empty_sweeps=True,
                    remove_close=True,
                    load_augmented=None),
                dict(
                    type='LoadRadarPointsMultiSweeps',
                    load_dim=18,
                    sweeps_num=6,
                    use_dim=[
                        0, 1, 2, 5, 8, 9, 18, 19, 20, 21, 22, 23, 24, 25, 26,
                        27, 28, 29, 30, 31, 32, 33, 34, 35, 36, 37, 38, 39, 40,
                        41, 42, 43, 44, 45, 46, 47, 48, 49, 50, 51, 52, 53, 54,
                        55, 56
                    ],
                    max_num=2500,
                    compensate_velocity=True,
                    filtering='none',
                    normalize=False),
                dict(
                    type='LoadAnnotations3D',
                    with_bbox_3d=True,
                    with_label_3d=True,
                    with_attr_label=False),
                dict(
                    type='ObjectPaste',
                    stop_epoch=-1,
                    db_sampler=dict(
                        dataset_root='data/nuscenes/',
                        info_path='data/nuscenes/nuscenes_dbinfos_train.pkl',
                        rate=1.0,
                        prepare=dict(
                            filter_by_difficulty=[-1],
                            filter_by_min_points=dict(
                                car=5,
                                truck=5,
                                bus=5,
                                trailer=5,
                                construction_vehicle=5,
                                traffic_cone=5,
                                barrier=5,
                                motorcycle=5,
                                bicycle=5,
                                pedestrian=5)),
                        classes=[
                            'car', 'truck', 'construction_vehicle', 'bus',
                            'trailer', 'barrier', 'motorcycle', 'bicycle',
                            'pedestrian', 'traffic_cone'
                        ],
                        sample_groups=dict(
                            car=2,
                            truck=3,
                            construction_vehicle=7,
                            bus=4,
                            trailer=6,
                            barrier=2,
                            motorcycle=6,
                            bicycle=6,
                            pedestrian=2,
                            traffic_cone=2),
                        points_loader=dict(
                            type='LoadPointsFromFile',
                            coord_type='LIDAR',
                            load_dim=5,
                            use_dim=5,
                            reduce_beams=32))),
                dict(
                    type='ImageAug3D',
                    final_dim=[256, 704],
                    resize_lim=[0.38, 0.55],
                    bot_pct_lim=[0.0, 0.0],
                    rot_lim=[-5.4, 5.4],
                    rand_flip=True,
                    is_train=True),
                dict(
                    type='GlobalRotScaleTrans',
                    resize_lim=[0.9, 1.1],
                    rot_lim=[-0.78539816, 0.78539816],
                    trans_lim=0.5,
                    is_train=True),
                dict(type='RandomFlip3D'),
                dict(
                    type='PointsRangeFilter',
                    point_cloud_range=[-54.0, -54.0, -5.0, 54.0, 54.0, 3.0]),
                dict(
                    type='ObjectRangeFilter',
                    point_cloud_range=[-54.0, -54.0, -5.0, 54.0, 54.0, 3.0]),
                dict(
                    type='ObjectNameFilter',
                    classes=[
                        'car', 'truck', 'construction_vehicle', 'bus',
                        'trailer', 'barrier', 'motorcycle', 'bicycle',
                        'pedestrian', 'traffic_cone'
                    ]),
                dict(
                    type='ImageNormalize',
                    mean=[0.485, 0.456, 0.406],
                    std=[0.229, 0.224, 0.225]),
                dict(
                    type='GridMask',
                    use_h=True,
                    use_w=True,
                    max_epoch=6,
                    rotate=1,
                    offset=False,
                    ratio=0.5,
                    mode=1,
                    prob=0.0,
                    fixed_prob=True),
                dict(type='PointShuffle'),
                dict(
                    type='DefaultFormatBundle3D',
                    classes=[
                        'car', 'truck', 'construction_vehicle', 'bus',
                        'trailer', 'barrier', 'motorcycle', 'bicycle',
                        'pedestrian', 'traffic_cone'
                    ]),
                dict(
                    type='Collect3D',
                    keys=[
                        'img', 'points', 'radar', 'gt_bboxes_3d',
                        'gt_labels_3d'
                    ],
                    meta_keys=[
                        'camera_intrinsics', 'camera2ego', 'lidar2ego',
                        'lidar2camera', 'lidar2image', 'camera2lidar',
                        'img_aug_matrix', 'lidar_aug_matrix'
                    ]),
                dict(type='GTDepth', keyframe_only=True)
            ],
            object_classes=[
                'car', 'truck', 'construction_vehicle', 'bus', 'trailer',
                'barrier', 'motorcycle', 'bicycle', 'pedestrian',
                'traffic_cone'
            ],
            map_classes=[
                'drivable_area', 'ped_crossing', 'walkway', 'stop_line',
                'carpark_area', 'divider'
            ],
            modality=dict(
                use_lidar=True,
                use_camera=True,
                use_radar=False,
                use_map=False,
                use_external=False),
            test_mode=False,
            use_valid_flag=True,
            box_type_3d='LiDAR')),
    val=dict(
        type='NuScenesDataset',
        dataset_root='data/nuscenes/',
        ann_file='data/nuscenes/nuscenes_infos_val.pkl',
        pipeline=[
            dict(type='LoadMultiViewImageFromFiles', to_float32=True),
            dict(
                type='LoadPointsFromFile',
                coord_type='LIDAR',
                load_dim=5,
                use_dim=5,
                reduce_beams=32,
                load_augmented=None),
            dict(
                type='LoadPointsFromMultiSweeps',
                sweeps_num=9,
                load_dim=5,
                use_dim=5,
                reduce_beams=32,
                pad_empty_sweeps=True,
                remove_close=True,
                load_augmented=None),
            dict(
                type='LoadRadarPointsMultiSweeps',
                load_dim=18,
                sweeps_num=6,
                use_dim=[
                    0, 1, 2, 5, 8, 9, 18, 19, 20, 21, 22, 23, 24, 25, 26, 27,
                    28, 29, 30, 31, 32, 33, 34, 35, 36, 37, 38, 39, 40, 41, 42,
                    43, 44, 45, 46, 47, 48, 49, 50, 51, 52, 53, 54, 55, 56
                ],
                max_num=2500,
                compensate_velocity=True,
                filtering='none',
                normalize=False),
            dict(
                type='LoadAnnotations3D',
                with_bbox_3d=True,
                with_label_3d=True,
                with_attr_label=False),
            dict(
                type='ImageAug3D',
                final_dim=[256, 704],
                resize_lim=[0.48, 0.48],
                bot_pct_lim=[0.0, 0.0],
                rot_lim=[0.0, 0.0],
                rand_flip=False,
                is_train=False),
            dict(
                type='GlobalRotScaleTrans',
                resize_lim=[1.0, 1.0],
                rot_lim=[0.0, 0.0],
                trans_lim=0.0,
                is_train=False),
            dict(
                type='PointsRangeFilter',
                point_cloud_range=[-54.0, -54.0, -5.0, 54.0, 54.0, 3.0]),
            dict(
                type='ImageNormalize',
                mean=[0.485, 0.456, 0.406],
                std=[0.229, 0.224, 0.225]),
            dict(
                type='DefaultFormatBundle3D',
                classes=[
                    'car', 'truck', 'construction_vehicle', 'bus', 'trailer',
                    'barrier', 'motorcycle', 'bicycle', 'pedestrian',
                    'traffic_cone'
                ]),
            dict(
                type='Collect3D',
                keys=[
                    'img', 'points', 'radar', 'gt_bboxes_3d', 'gt_labels_3d'
                ],
                meta_keys=[
                    'camera_intrinsics', 'camera2ego', 'lidar2ego',
                    'lidar2camera', 'lidar2image', 'camera2lidar',
                    'img_aug_matrix', 'lidar_aug_matrix'
                ]),
            dict(type='GTDepth', keyframe_only=True)
        ],
        object_classes=[
            'car', 'truck', 'construction_vehicle', 'bus', 'trailer',
            'barrier', 'motorcycle', 'bicycle', 'pedestrian', 'traffic_cone'
        ],
        map_classes=[
            'drivable_area', 'ped_crossing', 'walkway', 'stop_line',
            'carpark_area', 'divider'
        ],
        modality=dict(
            use_lidar=True,
            use_camera=True,
            use_radar=False,
            use_map=False,
            use_external=False),
        test_mode=False,
        box_type_3d='LiDAR'),
    test=dict(
        type='NuScenesDataset',
        dataset_root='data/nuscenes/',
        ann_file='data/nuscenes/nuscenes_infos_val.pkl',
        pipeline=[
            dict(type='LoadMultiViewImageFromFiles', to_float32=True),
            dict(
                type='LoadPointsFromFile',
                coord_type='LIDAR',
                load_dim=5,
                use_dim=5,
                reduce_beams=32,
                load_augmented=None),
            dict(
                type='LoadPointsFromMultiSweeps',
                sweeps_num=9,
                load_dim=5,
                use_dim=5,
                reduce_beams=32,
                pad_empty_sweeps=True,
                remove_close=True,
                load_augmented=None),
            dict(
                type='LoadRadarPointsMultiSweeps',
                load_dim=18,
                sweeps_num=6,
                use_dim=[
                    0, 1, 2, 5, 8, 9, 18, 19, 20, 21, 22, 23, 24, 25, 26, 27,
                    28, 29, 30, 31, 32, 33, 34, 35, 36, 37, 38, 39, 40, 41, 42,
                    43, 44, 45, 46, 47, 48, 49, 50, 51, 52, 53, 54, 55, 56
                ],
                max_num=2500,
                compensate_velocity=True,
                filtering='none',
                normalize=False),
            dict(
                type='LoadAnnotations3D',
                with_bbox_3d=True,
                with_label_3d=True,
                with_attr_label=False),
            dict(
                type='ImageAug3D',
                final_dim=[256, 704],
                resize_lim=[0.48, 0.48],
                bot_pct_lim=[0.0, 0.0],
                rot_lim=[0.0, 0.0],
                rand_flip=False,
                is_train=False),
            dict(
                type='GlobalRotScaleTrans',
                resize_lim=[1.0, 1.0],
                rot_lim=[0.0, 0.0],
                trans_lim=0.0,
                is_train=False),
            dict(
                type='PointsRangeFilter',
                point_cloud_range=[-54.0, -54.0, -5.0, 54.0, 54.0, 3.0]),
            dict(
                type='ImageNormalize',
                mean=[0.485, 0.456, 0.406],
                std=[0.229, 0.224, 0.225]),
            dict(
                type='DefaultFormatBundle3D',
                classes=[
                    'car', 'truck', 'construction_vehicle', 'bus', 'trailer',
                    'barrier', 'motorcycle', 'bicycle', 'pedestrian',
                    'traffic_cone'
                ]),
            dict(
                type='Collect3D',
                keys=[
                    'img', 'points', 'radar', 'gt_bboxes_3d', 'gt_labels_3d'
                ],
                meta_keys=[
                    'camera_intrinsics', 'camera2ego', 'lidar2ego',
                    'lidar2camera', 'lidar2image', 'camera2lidar',
                    'img_aug_matrix', 'lidar_aug_matrix'
                ]),
            dict(type='GTDepth', keyframe_only=True)
        ],
        object_classes=[
            'car', 'truck', 'construction_vehicle', 'bus', 'trailer',
            'barrier', 'motorcycle', 'bicycle', 'pedestrian', 'traffic_cone'
        ],
        map_classes=[
            'drivable_area', 'ped_crossing', 'walkway', 'stop_line',
            'carpark_area', 'divider'
        ],
        modality=dict(
            use_lidar=True,
            use_camera=True,
            use_radar=False,
            use_map=False,
            use_external=False),
        test_mode=True,
        box_type_3d='LiDAR'))
evaluation = dict(
    interval=1,
    pipeline=[
        dict(type='LoadMultiViewImageFromFiles', to_float32=True),
        dict(
            type='LoadPointsFromFile',
            coord_type='LIDAR',
            load_dim=5,
            use_dim=5,
            reduce_beams=32,
            load_augmented=None),
        dict(
            type='LoadPointsFromMultiSweeps',
            sweeps_num=9,
            load_dim=5,
            use_dim=5,
            reduce_beams=32,
            pad_empty_sweeps=True,
            remove_close=True,
            load_augmented=None),
        dict(
            type='LoadRadarPointsMultiSweeps',
            load_dim=18,
            sweeps_num=6,
            use_dim=[
                0, 1, 2, 5, 8, 9, 18, 19, 20, 21, 22, 23, 24, 25, 26, 27, 28,
                29, 30, 31, 32, 33, 34, 35, 36, 37, 38, 39, 40, 41, 42, 43, 44,
                45, 46, 47, 48, 49, 50, 51, 52, 53, 54, 55, 56
            ],
            max_num=2500,
            compensate_velocity=True,
            filtering='none',
            normalize=False),
        dict(
            type='LoadAnnotations3D',
            with_bbox_3d=True,
            with_label_3d=True,
            with_attr_label=False),
        dict(
            type='ImageAug3D',
            final_dim=[256, 704],
            resize_lim=[0.48, 0.48],
            bot_pct_lim=[0.0, 0.0],
            rot_lim=[0.0, 0.0],
            rand_flip=False,
            is_train=False),
        dict(
            type='GlobalRotScaleTrans',
            resize_lim=[1.0, 1.0],
            rot_lim=[0.0, 0.0],
            trans_lim=0.0,
            is_train=False),
        dict(
            type='PointsRangeFilter',
            point_cloud_range=[-54.0, -54.0, -5.0, 54.0, 54.0, 3.0]),
        dict(
            type='ImageNormalize',
            mean=[0.485, 0.456, 0.406],
            std=[0.229, 0.224, 0.225]),
        dict(
            type='DefaultFormatBundle3D',
            classes=[
                'car', 'truck', 'construction_vehicle', 'bus', 'trailer',
                'barrier', 'motorcycle', 'bicycle', 'pedestrian',
                'traffic_cone'
            ]),
        dict(
            type='Collect3D',
            keys=['img', 'points', 'radar', 'gt_bboxes_3d', 'gt_labels_3d'],
            meta_keys=[
                'camera_intrinsics', 'camera2ego', 'lidar2ego', 'lidar2camera',
                'lidar2image', 'camera2lidar', 'img_aug_matrix',
                'lidar_aug_matrix'
            ]),
        dict(type='GTDepth', keyframe_only=True)
    ])
radar_sweeps = 6
radar_max_points = 2500
radar_use_dims = [
    0, 1, 2, 5, 8, 9, 18, 19, 20, 21, 22, 23, 24, 25, 26, 27, 28, 29, 30, 31,
    32, 33, 34, 35, 36, 37, 38, 39, 40, 41, 42, 43, 44, 45, 46, 47, 48, 49, 50,
    51, 52, 53, 54, 55, 56
]
radar_compensate_velocity = True
radar_filtering = 'none'
radar_voxel_size = [0.8, 0.8, 8]
radar_jitter = 0
radar_normalize = False
model = dict(
    type='BEVFusion',
    encoders=dict(
        camera=dict(
            neck=dict(
                type='GeneralizedLSSFPN',
                in_channels=[192, 384, 768],
                out_channels=256,
                start_level=0,
                num_outs=3,
                norm_cfg=dict(type='BN2d', requires_grad=True),
                act_cfg=dict(type='ReLU', inplace=True),
                upsample_cfg=dict(mode='bilinear', align_corners=False)),
            vtransform=dict(
                type='DepthLSSTransform',
                in_channels=256,
                out_channels=80,
                image_size=[256, 704],
                feature_size=[32, 88],
                xbound=[-54.0, 54.0, 0.3],
                ybound=[-54.0, 54.0, 0.3],
                zbound=[-10.0, 10.0, 20.0],
                dbound=[1.0, 60.0, 0.5],
                downsample=2),
            backbone=dict(
                type='MoENetwork',
                num_experts=2,
                in_channels=3,
                experts_cfg=[
                    dict(
                        type='SwinTransformer',
                        embed_dims=96,
                        depths=[2, 2, 6, 2],
                        num_heads=[3, 6, 12, 24],
                        window_size=7,
                        mlp_ratio=4,
                        qkv_bias=True,
                        qk_scale=None,
                        drop_rate=0.0,
                        attn_drop_rate=0.0,
                        drop_path_rate=0.2,
                        patch_norm=True,
                        out_indices=[1, 2, 3],
                        with_cp=False,
                        convert_weights=True,
                        init_cfg=dict(
                            type='Pretrained',
                            checkpoint=
                            'pretrained/swint-nuimages-pretrained.pth')),
                    dict(
                        type='ResNet',
                        depth=50,
                        num_stages=4,
                        out_indices=[1, 2, 3],
                        norm_cfg=dict(type='BN2d', requires_grad=True),
                        norm_eval=False,
                        init_cfg=dict(
                            type='Pretrained',
                            checkpoint='torchvision://resnet50'))
                ],
                router=dict(in_channels=3, num_experts=2))),
        lidar=dict(
            voxelize=dict(
                max_num_points=10,
                point_cloud_range=[-54.0, -54.0, -5.0, 54.0, 54.0, 3.0],
                voxel_size=[0.075, 0.075, 0.2],
                max_voxels=[120000, 160000]),
            backbone=dict(
                type='SparseEncoder',
                in_channels=5,
                sparse_shape=[1440, 1440, 41],
                output_channels=128,
                order=['conv', 'norm', 'act'],
                encoder_channels=[[16, 16, 32], [32, 32, 64], [64, 64, 128],
                                  [128, 128]],
                encoder_paddings=[[0, 0, 1], [0, 0, 1], [0, 0, [1, 1, 0]],
                                  [0, 0]],
                block_type='basicblock'))),
    fuser=dict(type='ConvFuser', in_channels=[80, 256], out_channels=256),
    heads=dict(
        map=None,
        object=dict(
            type='TransFusionHead',
            num_proposals=200,
            auxiliary=True,
            in_channels=512,
            hidden_channel=128,
            num_classes=10,
            num_decoder_layers=1,
            num_heads=8,
            nms_kernel_size=3,
            ffn_channel=256,
            dropout=0.1,
            bn_momentum=0.1,
            activation='relu',
            train_cfg=dict(
                dataset='nuScenes',
                point_cloud_range=[-54.0, -54.0, -5.0, 54.0, 54.0, 3.0],
                grid_size=[1440, 1440, 41],
                voxel_size=[0.075, 0.075, 0.2],
                out_size_factor=8,
                gaussian_overlap=0.1,
                min_radius=2,
                pos_weight=-1,
                code_weights=[
                    1.0, 1.0, 1.0, 1.0, 1.0, 1.0, 1.0, 1.0, 0.2, 0.2
                ],
                assigner=dict(
                    type='HungarianAssigner3D',
                    iou_calculator=dict(
                        type='BboxOverlaps3D', coordinate='lidar'),
                    cls_cost=dict(
                        type='FocalLossCost',
                        gamma=2.0,
                        alpha=0.25,
                        weight=0.15),
                    reg_cost=dict(type='BBoxBEVL1Cost', weight=0.25),
                    iou_cost=dict(type='IoU3DCost', weight=0.25))),
            test_cfg=dict(
                dataset='nuScenes',
                grid_size=[1440, 1440, 41],
                out_size_factor=8,
                voxel_size=[0.075, 0.075],
                pc_range=[-54.0, -54.0],
                nms_type=None),
            common_heads=dict(
                center=[2, 2],
                height=[1, 2],
                dim=[3, 2],
                rot=[2, 2],
                vel=[2, 2]),
            bbox_coder=dict(
                type='TransFusionBBoxCoder',
                pc_range=[-54.0, -54.0],
                post_center_range=[-61.2, -61.2, -10.0, 61.2, 61.2, 10.0],
                score_threshold=0.0,
                out_size_factor=8,
                voxel_size=[0.075, 0.075],
                code_size=10),
            loss_cls=dict(
                type='FocalLoss',
                use_sigmoid=True,
                gamma=2.0,
                alpha=0.25,
                reduction='mean',
                loss_weight=1.0),
            loss_heatmap=dict(
                type='GaussianFocalLoss', reduction='mean', loss_weight=1.0),
            loss_bbox=dict(type='L1Loss', reduction='mean',
                           loss_weight=0.25))),
    decoder=dict(
        backbone=dict(
            type='SECOND',
            in_channels=256,
            out_channels=[128, 256],
            layer_nums=[5, 5],
            layer_strides=[1, 2],
            norm_cfg=dict(type='BN', eps=0.001, momentum=0.01),
            conv_cfg=dict(type='Conv2d', bias=False)),
        neck=dict(
            type='SECONDFPN',
            in_channels=[128, 256],
            out_channels=[256, 256],
            upsample_strides=[1, 2],
            norm_cfg=dict(type='BN', eps=0.001, momentum=0.01),
            upsample_cfg=dict(type='deconv', bias=False),
            use_conv_for_no_stride=True)))
optimizer = dict(type='AdamW', lr=0.0002, weight_decay=0.01)
optimizer_config = dict(grad_clip=dict(max_norm=35, norm_type=2))
lr_config = dict(
    policy='CosineAnnealing',
    warmup='linear',
    warmup_iters=500,
    warmup_ratio=0.33333333,
    min_lr_ratio=0.001)
momentum_config = dict(policy='cyclic')
run_dir = 'train_result/'

2025-04-28 10:04:01,538 - mmdet3d - INFO - Set random seed to 0, deterministic mode: False
2025-04-28 10:04:02,043 - mmdet3d - INFO - load 3068 pedestrian database infos
2025-04-28 10:04:02,043 - mmdet3d - INFO - load 4082 car database infos
2025-04-28 10:04:02,043 - mmdet3d - INFO - load 773 traffic_cone database infos
2025-04-28 10:04:02,043 - mmdet3d - INFO - load 147 bicycle database infos
2025-04-28 10:04:02,044 - mmdet3d - INFO - load 1851 barrier database infos
2025-04-28 10:04:02,044 - mmdet3d - INFO - load 451 truck database infos
2025-04-28 10:04:02,044 - mmdet3d - INFO - load 337 bus database infos
2025-04-28 10:04:02,044 - mmdet3d - INFO - load 174 construction_vehicle database infos
2025-04-28 10:04:02,044 - mmdet3d - INFO - load 57 movable_object.pushable_pullable database infos
2025-04-28 10:04:02,044 - mmdet3d - INFO - load 179 motorcycle database infos
2025-04-28 10:04:02,044 - mmdet3d - INFO - load 13 movable_object.debris database infos
2025-04-28 10:04:02,044 - mmdet3d - INFO - load 59 trailer database infos
2025-04-28 10:04:02,044 - mmdet3d - INFO - load 25 human.pedestrian.personal_mobility database infos
2025-04-28 10:04:02,063 - mmdet3d - INFO - After filter database:
2025-04-28 10:04:02,063 - mmdet3d - INFO - load 2395 pedestrian database infos
2025-04-28 10:04:02,063 - mmdet3d - INFO - load 2287 car database infos
2025-04-28 10:04:02,063 - mmdet3d - INFO - load 381 traffic_cone database infos
2025-04-28 10:04:02,064 - mmdet3d - INFO - load 108 bicycle database infos
2025-04-28 10:04:02,064 - mmdet3d - INFO - load 1442 barrier database infos
2025-04-28 10:04:02,064 - mmdet3d - INFO - load 381 truck database infos
2025-04-28 10:04:02,064 - mmdet3d - INFO - load 275 bus database infos
2025-04-28 10:04:02,064 - mmdet3d - INFO - load 155 construction_vehicle database infos
2025-04-28 10:04:02,064 - mmdet3d - INFO - load 57 movable_object.pushable_pullable database infos
2025-04-28 10:04:02,064 - mmdet3d - INFO - load 124 motorcycle database infos
2025-04-28 10:04:02,064 - mmdet3d - INFO - load 13 movable_object.debris database infos
2025-04-28 10:04:02,064 - mmdet3d - INFO - load 57 trailer database infos
2025-04-28 10:04:02,064 - mmdet3d - INFO - load 25 human.pedestrian.personal_mobility database infos
/opt/conda/lib/python3.8/site-packages/torch/functional.py:445: UserWarning: torch.meshgrid: in an upcoming release, it will be required to pass the indexing argument. (Triggered internally at  /opt/conda/conda-bld/pytorch_1639180588308/work/aten/src/ATen/native/TensorShape.cpp:2157.)
  return _VF.meshgrid(tensors, **kwargs)  # type: ignore[attr-defined]
/opt/conda/lib/python3.8/site-packages/mmcv/runner/base_module.py:127: UserWarning: init_weights of MoENetwork has been called more than once.
  warnings.warn(f'init_weights of {self.__class__.__name__} has '
2025-04-28 10:04:02,731 - mmdet3d - INFO - Model:
BEVFusion(
  (encoders): ModuleDict(
    (camera): ModuleDict(
      (backbone): MoENetwork(
        (moe): MoE(
          (experts): ModuleList(
            (0): SwinTransformer(
              (patch_embed): PatchEmbed(
                (adap_padding): AdaptivePadding()
                (projection): Conv2d(3, 96, kernel_size=(4, 4), stride=(4, 4))
                (norm): LayerNorm((96,), eps=1e-05, elementwise_affine=True)
              )
              (drop_after_pos): Dropout(p=0.0, inplace=False)
              (stages): ModuleList(
                (0): SwinBlockSequence(
                  (blocks): ModuleList(
                    (0): SwinBlock(
                      (norm1): LayerNorm((96,), eps=1e-05, elementwise_affine=True)
                      (attn): ShiftWindowMSA(
                        (w_msa): WindowMSA(
                          (qkv): Linear(in_features=96, out_features=288, bias=True)
                          (attn_drop): Dropout(p=0.0, inplace=False)
                          (proj): Linear(in_features=96, out_features=96, bias=True)
                          (proj_drop): Dropout(p=0.0, inplace=False)
                          (softmax): Softmax(dim=-1)
                        )
                        (drop): DropPath()
                      )
                      (norm2): LayerNorm((96,), eps=1e-05, elementwise_affine=True)
                      (ffn): FFN(
                        (activate): GELU()
                        (layers): Sequential(
                          (0): Sequential(
                            (0): Linear(in_features=96, out_features=384, bias=True)
                            (1): GELU()
                            (2): Dropout(p=0.0, inplace=False)
                          )
                          (1): Linear(in_features=384, out_features=96, bias=True)
                          (2): Dropout(p=0.0, inplace=False)
                        )
                        (dropout_layer): DropPath()
                      )
                    )
                    (1): SwinBlock(
                      (norm1): LayerNorm((96,), eps=1e-05, elementwise_affine=True)
                      (attn): ShiftWindowMSA(
                        (w_msa): WindowMSA(
                          (qkv): Linear(in_features=96, out_features=288, bias=True)
                          (attn_drop): Dropout(p=0.0, inplace=False)
                          (proj): Linear(in_features=96, out_features=96, bias=True)
                          (proj_drop): Dropout(p=0.0, inplace=False)
                          (softmax): Softmax(dim=-1)
                        )
                        (drop): DropPath()
                      )
                      (norm2): LayerNorm((96,), eps=1e-05, elementwise_affine=True)
                      (ffn): FFN(
                        (activate): GELU()
                        (layers): Sequential(
                          (0): Sequential(
                            (0): Linear(in_features=96, out_features=384, bias=True)
                            (1): GELU()
                            (2): Dropout(p=0.0, inplace=False)
                          )
                          (1): Linear(in_features=384, out_features=96, bias=True)
                          (2): Dropout(p=0.0, inplace=False)
                        )
                        (dropout_layer): DropPath()
                      )
                    )
                  )
                  (downsample): PatchMerging(
                    (adap_padding): AdaptivePadding()
                    (sampler): Unfold(kernel_size=(2, 2), dilation=(1, 1), padding=(0, 0), stride=(2, 2))
                    (norm): LayerNorm((384,), eps=1e-05, elementwise_affine=True)
                    (reduction): Linear(in_features=384, out_features=192, bias=False)
                  )
                )
                (1): SwinBlockSequence(
                  (blocks): ModuleList(
                    (0): SwinBlock(
                      (norm1): LayerNorm((192,), eps=1e-05, elementwise_affine=True)
                      (attn): ShiftWindowMSA(
                        (w_msa): WindowMSA(
                          (qkv): Linear(in_features=192, out_features=576, bias=True)
                          (attn_drop): Dropout(p=0.0, inplace=False)
                          (proj): Linear(in_features=192, out_features=192, bias=True)
                          (proj_drop): Dropout(p=0.0, inplace=False)
                          (softmax): Softmax(dim=-1)
                        )
                        (drop): DropPath()
                      )
                      (norm2): LayerNorm((192,), eps=1e-05, elementwise_affine=True)
                      (ffn): FFN(
                        (activate): GELU()
                        (layers): Sequential(
                          (0): Sequential(
                            (0): Linear(in_features=192, out_features=768, bias=True)
                            (1): GELU()
                            (2): Dropout(p=0.0, inplace=False)
                          )
                          (1): Linear(in_features=768, out_features=192, bias=True)
                          (2): Dropout(p=0.0, inplace=False)
                        )
                        (dropout_layer): DropPath()
                      )
                    )
                    (1): SwinBlock(
                      (norm1): LayerNorm((192,), eps=1e-05, elementwise_affine=True)
                      (attn): ShiftWindowMSA(
                        (w_msa): WindowMSA(
                          (qkv): Linear(in_features=192, out_features=576, bias=True)
                          (attn_drop): Dropout(p=0.0, inplace=False)
                          (proj): Linear(in_features=192, out_features=192, bias=True)
                          (proj_drop): Dropout(p=0.0, inplace=False)
                          (softmax): Softmax(dim=-1)
                        )
                        (drop): DropPath()
                      )
                      (norm2): LayerNorm((192,), eps=1e-05, elementwise_affine=True)
                      (ffn): FFN(
                        (activate): GELU()
                        (layers): Sequential(
                          (0): Sequential(
                            (0): Linear(in_features=192, out_features=768, bias=True)
                            (1): GELU()
                            (2): Dropout(p=0.0, inplace=False)
                          )
                          (1): Linear(in_features=768, out_features=192, bias=True)
                          (2): Dropout(p=0.0, inplace=False)
                        )
                        (dropout_layer): DropPath()
                      )
                    )
                  )
                  (downsample): PatchMerging(
                    (adap_padding): AdaptivePadding()
                    (sampler): Unfold(kernel_size=(2, 2), dilation=(1, 1), padding=(0, 0), stride=(2, 2))
                    (norm): LayerNorm((768,), eps=1e-05, elementwise_affine=True)
                    (reduction): Linear(in_features=768, out_features=384, bias=False)
                  )
                )
                (2): SwinBlockSequence(
                  (blocks): ModuleList(
                    (0): SwinBlock(
                      (norm1): LayerNorm((384,), eps=1e-05, elementwise_affine=True)
                      (attn): ShiftWindowMSA(
                        (w_msa): WindowMSA(
                          (qkv): Linear(in_features=384, out_features=1152, bias=True)
                          (attn_drop): Dropout(p=0.0, inplace=False)
                          (proj): Linear(in_features=384, out_features=384, bias=True)
                          (proj_drop): Dropout(p=0.0, inplace=False)
                          (softmax): Softmax(dim=-1)
                        )
                        (drop): DropPath()
                      )
                      (norm2): LayerNorm((384,), eps=1e-05, elementwise_affine=True)
                      (ffn): FFN(
                        (activate): GELU()
                        (layers): Sequential(
                          (0): Sequential(
                            (0): Linear(in_features=384, out_features=1536, bias=True)
                            (1): GELU()
                            (2): Dropout(p=0.0, inplace=False)
                          )
                          (1): Linear(in_features=1536, out_features=384, bias=True)
                          (2): Dropout(p=0.0, inplace=False)
                        )
                        (dropout_layer): DropPath()
                      )
                    )
                    (1): SwinBlock(
                      (norm1): LayerNorm((384,), eps=1e-05, elementwise_affine=True)
                      (attn): ShiftWindowMSA(
                        (w_msa): WindowMSA(
                          (qkv): Linear(in_features=384, out_features=1152, bias=True)
                          (attn_drop): Dropout(p=0.0, inplace=False)
                          (proj): Linear(in_features=384, out_features=384, bias=True)
                          (proj_drop): Dropout(p=0.0, inplace=False)
                          (softmax): Softmax(dim=-1)
                        )
                        (drop): DropPath()
                      )
                      (norm2): LayerNorm((384,), eps=1e-05, elementwise_affine=True)
                      (ffn): FFN(
                        (activate): GELU()
                        (layers): Sequential(
                          (0): Sequential(
                            (0): Linear(in_features=384, out_features=1536, bias=True)
                            (1): GELU()
                            (2): Dropout(p=0.0, inplace=False)
                          )
                          (1): Linear(in_features=1536, out_features=384, bias=True)
                          (2): Dropout(p=0.0, inplace=False)
                        )
                        (dropout_layer): DropPath()
                      )
                    )
                    (2): SwinBlock(
                      (norm1): LayerNorm((384,), eps=1e-05, elementwise_affine=True)
                      (attn): ShiftWindowMSA(
                        (w_msa): WindowMSA(
                          (qkv): Linear(in_features=384, out_features=1152, bias=True)
                          (attn_drop): Dropout(p=0.0, inplace=False)
                          (proj): Linear(in_features=384, out_features=384, bias=True)
                          (proj_drop): Dropout(p=0.0, inplace=False)
                          (softmax): Softmax(dim=-1)
                        )
                        (drop): DropPath()
                      )
                      (norm2): LayerNorm((384,), eps=1e-05, elementwise_affine=True)
                      (ffn): FFN(
                        (activate): GELU()
                        (layers): Sequential(
                          (0): Sequential(
                            (0): Linear(in_features=384, out_features=1536, bias=True)
                            (1): GELU()
                            (2): Dropout(p=0.0, inplace=False)
                          )
                          (1): Linear(in_features=1536, out_features=384, bias=True)
                          (2): Dropout(p=0.0, inplace=False)
                        )
                        (dropout_layer): DropPath()
                      )
                    )
                    (3): SwinBlock(
                      (norm1): LayerNorm((384,), eps=1e-05, elementwise_affine=True)
                      (attn): ShiftWindowMSA(
                        (w_msa): WindowMSA(
                          (qkv): Linear(in_features=384, out_features=1152, bias=True)
                          (attn_drop): Dropout(p=0.0, inplace=False)
                          (proj): Linear(in_features=384, out_features=384, bias=True)
                          (proj_drop): Dropout(p=0.0, inplace=False)
                          (softmax): Softmax(dim=-1)
                        )
                        (drop): DropPath()
                      )
                      (norm2): LayerNorm((384,), eps=1e-05, elementwise_affine=True)
                      (ffn): FFN(
                        (activate): GELU()
                        (layers): Sequential(
                          (0): Sequential(
                            (0): Linear(in_features=384, out_features=1536, bias=True)
                            (1): GELU()
                            (2): Dropout(p=0.0, inplace=False)
                          )
                          (1): Linear(in_features=1536, out_features=384, bias=True)
                          (2): Dropout(p=0.0, inplace=False)
                        )
                        (dropout_layer): DropPath()
                      )
                    )
                    (4): SwinBlock(
                      (norm1): LayerNorm((384,), eps=1e-05, elementwise_affine=True)
                      (attn): ShiftWindowMSA(
                        (w_msa): WindowMSA(
                          (qkv): Linear(in_features=384, out_features=1152, bias=True)
                          (attn_drop): Dropout(p=0.0, inplace=False)
                          (proj): Linear(in_features=384, out_features=384, bias=True)
                          (proj_drop): Dropout(p=0.0, inplace=False)
                          (softmax): Softmax(dim=-1)
                        )
                        (drop): DropPath()
                      )
                      (norm2): LayerNorm((384,), eps=1e-05, elementwise_affine=True)
                      (ffn): FFN(
                        (activate): GELU()
                        (layers): Sequential(
                          (0): Sequential(
                            (0): Linear(in_features=384, out_features=1536, bias=True)
                            (1): GELU()
                            (2): Dropout(p=0.0, inplace=False)
                          )
                          (1): Linear(in_features=1536, out_features=384, bias=True)
                          (2): Dropout(p=0.0, inplace=False)
                        )
                        (dropout_layer): DropPath()
                      )
                    )
                    (5): SwinBlock(
                      (norm1): LayerNorm((384,), eps=1e-05, elementwise_affine=True)
                      (attn): ShiftWindowMSA(
                        (w_msa): WindowMSA(
                          (qkv): Linear(in_features=384, out_features=1152, bias=True)
                          (attn_drop): Dropout(p=0.0, inplace=False)
                          (proj): Linear(in_features=384, out_features=384, bias=True)
                          (proj_drop): Dropout(p=0.0, inplace=False)
                          (softmax): Softmax(dim=-1)
                        )
                        (drop): DropPath()
                      )
                      (norm2): LayerNorm((384,), eps=1e-05, elementwise_affine=True)
                      (ffn): FFN(
                        (activate): GELU()
                        (layers): Sequential(
                          (0): Sequential(
                            (0): Linear(in_features=384, out_features=1536, bias=True)
                            (1): GELU()
                            (2): Dropout(p=0.0, inplace=False)
                          )
                          (1): Linear(in_features=1536, out_features=384, bias=True)
                          (2): Dropout(p=0.0, inplace=False)
                        )
                        (dropout_layer): DropPath()
                      )
                    )
                  )
                  (downsample): PatchMerging(
                    (adap_padding): AdaptivePadding()
                    (sampler): Unfold(kernel_size=(2, 2), dilation=(1, 1), padding=(0, 0), stride=(2, 2))
                    (norm): LayerNorm((1536,), eps=1e-05, elementwise_affine=True)
                    (reduction): Linear(in_features=1536, out_features=768, bias=False)
                  )
                )
                (3): SwinBlockSequence(
                  (blocks): ModuleList(
                    (0): SwinBlock(
                      (norm1): LayerNorm((768,), eps=1e-05, elementwise_affine=True)
                      (attn): ShiftWindowMSA(
                        (w_msa): WindowMSA(
                          (qkv): Linear(in_features=768, out_features=2304, bias=True)
                          (attn_drop): Dropout(p=0.0, inplace=False)
                          (proj): Linear(in_features=768, out_features=768, bias=True)
                          (proj_drop): Dropout(p=0.0, inplace=False)
                          (softmax): Softmax(dim=-1)
                        )
                        (drop): DropPath()
                      )
                      (norm2): LayerNorm((768,), eps=1e-05, elementwise_affine=True)
                      (ffn): FFN(
                        (activate): GELU()
                        (layers): Sequential(
                          (0): Sequential(
                            (0): Linear(in_features=768, out_features=3072, bias=True)
                            (1): GELU()
                            (2): Dropout(p=0.0, inplace=False)
                          )
                          (1): Linear(in_features=3072, out_features=768, bias=True)
                          (2): Dropout(p=0.0, inplace=False)
                        )
                        (dropout_layer): DropPath()
                      )
                    )
                    (1): SwinBlock(
                      (norm1): LayerNorm((768,), eps=1e-05, elementwise_affine=True)
                      (attn): ShiftWindowMSA(
                        (w_msa): WindowMSA(
                          (qkv): Linear(in_features=768, out_features=2304, bias=True)
                          (attn_drop): Dropout(p=0.0, inplace=False)
                          (proj): Linear(in_features=768, out_features=768, bias=True)
                          (proj_drop): Dropout(p=0.0, inplace=False)
                          (softmax): Softmax(dim=-1)
                        )
                        (drop): DropPath()
                      )
                      (norm2): LayerNorm((768,), eps=1e-05, elementwise_affine=True)
                      (ffn): FFN(
                        (activate): GELU()
                        (layers): Sequential(
                          (0): Sequential(
                            (0): Linear(in_features=768, out_features=3072, bias=True)
                            (1): GELU()
                            (2): Dropout(p=0.0, inplace=False)
                          )
                          (1): Linear(in_features=3072, out_features=768, bias=True)
                          (2): Dropout(p=0.0, inplace=False)
                        )
                        (dropout_layer): DropPath()
                      )
                    )
                  )
                )
              )
              (norm1): LayerNorm((192,), eps=1e-05, elementwise_affine=True)
              (norm2): LayerNorm((384,), eps=1e-05, elementwise_affine=True)
              (norm3): LayerNorm((768,), eps=1e-05, elementwise_affine=True)
            )
            init_cfg={'type': 'Pretrained', 'checkpoint': 'pretrained/swint-nuimages-pretrained.pth'}
            (1): ResNet(
              (conv1): Conv2d(3, 64, kernel_size=(7, 7), stride=(2, 2), padding=(3, 3), bias=False)
              (bn1): BatchNorm2d(64, eps=1e-05, momentum=0.1, affine=True, track_running_stats=True)
              (relu): ReLU(inplace=True)
              (maxpool): MaxPool2d(kernel_size=3, stride=2, padding=1, dilation=1, ceil_mode=False)
              (layer1): ResLayer(
                (0): Bottleneck(
                  (conv1): Conv2d(64, 64, kernel_size=(1, 1), stride=(1, 1), bias=False)
                  (bn1): BatchNorm2d(64, eps=1e-05, momentum=0.1, affine=True, track_running_stats=True)
                  (conv2): Conv2d(64, 64, kernel_size=(3, 3), stride=(1, 1), padding=(1, 1), bias=False)
                  (bn2): BatchNorm2d(64, eps=1e-05, momentum=0.1, affine=True, track_running_stats=True)
                  (conv3): Conv2d(64, 256, kernel_size=(1, 1), stride=(1, 1), bias=False)
                  (bn3): BatchNorm2d(256, eps=1e-05, momentum=0.1, affine=True, track_running_stats=True)
                  (relu): ReLU(inplace=True)
                  (downsample): Sequential(
                    (0): Conv2d(64, 256, kernel_size=(1, 1), stride=(1, 1), bias=False)
                    (1): BatchNorm2d(256, eps=1e-05, momentum=0.1, affine=True, track_running_stats=True)
                  )
                )
                (1): Bottleneck(
                  (conv1): Conv2d(256, 64, kernel_size=(1, 1), stride=(1, 1), bias=False)
                  (bn1): BatchNorm2d(64, eps=1e-05, momentum=0.1, affine=True, track_running_stats=True)
                  (conv2): Conv2d(64, 64, kernel_size=(3, 3), stride=(1, 1), padding=(1, 1), bias=False)
                  (bn2): BatchNorm2d(64, eps=1e-05, momentum=0.1, affine=True, track_running_stats=True)
                  (conv3): Conv2d(64, 256, kernel_size=(1, 1), stride=(1, 1), bias=False)
                  (bn3): BatchNorm2d(256, eps=1e-05, momentum=0.1, affine=True, track_running_stats=True)
                  (relu): ReLU(inplace=True)
                )
                (2): Bottleneck(
                  (conv1): Conv2d(256, 64, kernel_size=(1, 1), stride=(1, 1), bias=False)
                  (bn1): BatchNorm2d(64, eps=1e-05, momentum=0.1, affine=True, track_running_stats=True)
                  (conv2): Conv2d(64, 64, kernel_size=(3, 3), stride=(1, 1), padding=(1, 1), bias=False)
                  (bn2): BatchNorm2d(64, eps=1e-05, momentum=0.1, affine=True, track_running_stats=True)
                  (conv3): Conv2d(64, 256, kernel_size=(1, 1), stride=(1, 1), bias=False)
                  (bn3): BatchNorm2d(256, eps=1e-05, momentum=0.1, affine=True, track_running_stats=True)
                  (relu): ReLU(inplace=True)
                )
              )
              (layer2): ResLayer(
                (0): Bottleneck(
                  (conv1): Conv2d(256, 128, kernel_size=(1, 1), stride=(1, 1), bias=False)
                  (bn1): BatchNorm2d(128, eps=1e-05, momentum=0.1, affine=True, track_running_stats=True)
                  (conv2): Conv2d(128, 128, kernel_size=(3, 3), stride=(2, 2), padding=(1, 1), bias=False)
                  (bn2): BatchNorm2d(128, eps=1e-05, momentum=0.1, affine=True, track_running_stats=True)
                  (conv3): Conv2d(128, 512, kernel_size=(1, 1), stride=(1, 1), bias=False)
                  (bn3): BatchNorm2d(512, eps=1e-05, momentum=0.1, affine=True, track_running_stats=True)
                  (relu): ReLU(inplace=True)
                  (downsample): Sequential(
                    (0): Conv2d(256, 512, kernel_size=(1, 1), stride=(2, 2), bias=False)
                    (1): BatchNorm2d(512, eps=1e-05, momentum=0.1, affine=True, track_running_stats=True)
                  )
                )
                (1): Bottleneck(
                  (conv1): Conv2d(512, 128, kernel_size=(1, 1), stride=(1, 1), bias=False)
                  (bn1): BatchNorm2d(128, eps=1e-05, momentum=0.1, affine=True, track_running_stats=True)
                  (conv2): Conv2d(128, 128, kernel_size=(3, 3), stride=(1, 1), padding=(1, 1), bias=False)
                  (bn2): BatchNorm2d(128, eps=1e-05, momentum=0.1, affine=True, track_running_stats=True)
                  (conv3): Conv2d(128, 512, kernel_size=(1, 1), stride=(1, 1), bias=False)
                  (bn3): BatchNorm2d(512, eps=1e-05, momentum=0.1, affine=True, track_running_stats=True)
                  (relu): ReLU(inplace=True)
                )
                (2): Bottleneck(
                  (conv1): Conv2d(512, 128, kernel_size=(1, 1), stride=(1, 1), bias=False)
                  (bn1): BatchNorm2d(128, eps=1e-05, momentum=0.1, affine=True, track_running_stats=True)
                  (conv2): Conv2d(128, 128, kernel_size=(3, 3), stride=(1, 1), padding=(1, 1), bias=False)
                  (bn2): BatchNorm2d(128, eps=1e-05, momentum=0.1, affine=True, track_running_stats=True)
                  (conv3): Conv2d(128, 512, kernel_size=(1, 1), stride=(1, 1), bias=False)
                  (bn3): BatchNorm2d(512, eps=1e-05, momentum=0.1, affine=True, track_running_stats=True)
                  (relu): ReLU(inplace=True)
                )
                (3): Bottleneck(
                  (conv1): Conv2d(512, 128, kernel_size=(1, 1), stride=(1, 1), bias=False)
                  (bn1): BatchNorm2d(128, eps=1e-05, momentum=0.1, affine=True, track_running_stats=True)
                  (conv2): Conv2d(128, 128, kernel_size=(3, 3), stride=(1, 1), padding=(1, 1), bias=False)
                  (bn2): BatchNorm2d(128, eps=1e-05, momentum=0.1, affine=True, track_running_stats=True)
                  (conv3): Conv2d(128, 512, kernel_size=(1, 1), stride=(1, 1), bias=False)
                  (bn3): BatchNorm2d(512, eps=1e-05, momentum=0.1, affine=True, track_running_stats=True)
                  (relu): ReLU(inplace=True)
                )
              )
              (layer3): ResLayer(
                (0): Bottleneck(
                  (conv1): Conv2d(512, 256, kernel_size=(1, 1), stride=(1, 1), bias=False)
                  (bn1): BatchNorm2d(256, eps=1e-05, momentum=0.1, affine=True, track_running_stats=True)
                  (conv2): Conv2d(256, 256, kernel_size=(3, 3), stride=(2, 2), padding=(1, 1), bias=False)
                  (bn2): BatchNorm2d(256, eps=1e-05, momentum=0.1, affine=True, track_running_stats=True)
                  (conv3): Conv2d(256, 1024, kernel_size=(1, 1), stride=(1, 1), bias=False)
                  (bn3): BatchNorm2d(1024, eps=1e-05, momentum=0.1, affine=True, track_running_stats=True)
                  (relu): ReLU(inplace=True)
                  (downsample): Sequential(
                    (0): Conv2d(512, 1024, kernel_size=(1, 1), stride=(2, 2), bias=False)
                    (1): BatchNorm2d(1024, eps=1e-05, momentum=0.1, affine=True, track_running_stats=True)
                  )
                )
                (1): Bottleneck(
                  (conv1): Conv2d(1024, 256, kernel_size=(1, 1), stride=(1, 1), bias=False)
                  (bn1): BatchNorm2d(256, eps=1e-05, momentum=0.1, affine=True, track_running_stats=True)
                  (conv2): Conv2d(256, 256, kernel_size=(3, 3), stride=(1, 1), padding=(1, 1), bias=False)
                  (bn2): BatchNorm2d(256, eps=1e-05, momentum=0.1, affine=True, track_running_stats=True)
                  (conv3): Conv2d(256, 1024, kernel_size=(1, 1), stride=(1, 1), bias=False)
                  (bn3): BatchNorm2d(1024, eps=1e-05, momentum=0.1, affine=True, track_running_stats=True)
                  (relu): ReLU(inplace=True)
                )
                (2): Bottleneck(
                  (conv1): Conv2d(1024, 256, kernel_size=(1, 1), stride=(1, 1), bias=False)
                  (bn1): BatchNorm2d(256, eps=1e-05, momentum=0.1, affine=True, track_running_stats=True)
                  (conv2): Conv2d(256, 256, kernel_size=(3, 3), stride=(1, 1), padding=(1, 1), bias=False)
                  (bn2): BatchNorm2d(256, eps=1e-05, momentum=0.1, affine=True, track_running_stats=True)
                  (conv3): Conv2d(256, 1024, kernel_size=(1, 1), stride=(1, 1), bias=False)
                  (bn3): BatchNorm2d(1024, eps=1e-05, momentum=0.1, affine=True, track_running_stats=True)
                  (relu): ReLU(inplace=True)
                )
                (3): Bottleneck(
                  (conv1): Conv2d(1024, 256, kernel_size=(1, 1), stride=(1, 1), bias=False)
                  (bn1): BatchNorm2d(256, eps=1e-05, momentum=0.1, affine=True, track_running_stats=True)
                  (conv2): Conv2d(256, 256, kernel_size=(3, 3), stride=(1, 1), padding=(1, 1), bias=False)
                  (bn2): BatchNorm2d(256, eps=1e-05, momentum=0.1, affine=True, track_running_stats=True)
                  (conv3): Conv2d(256, 1024, kernel_size=(1, 1), stride=(1, 1), bias=False)
                  (bn3): BatchNorm2d(1024, eps=1e-05, momentum=0.1, affine=True, track_running_stats=True)
                  (relu): ReLU(inplace=True)
                )
                (4): Bottleneck(
                  (conv1): Conv2d(1024, 256, kernel_size=(1, 1), stride=(1, 1), bias=False)
                  (bn1): BatchNorm2d(256, eps=1e-05, momentum=0.1, affine=True, track_running_stats=True)
                  (conv2): Conv2d(256, 256, kernel_size=(3, 3), stride=(1, 1), padding=(1, 1), bias=False)
                  (bn2): BatchNorm2d(256, eps=1e-05, momentum=0.1, affine=True, track_running_stats=True)
                  (conv3): Conv2d(256, 1024, kernel_size=(1, 1), stride=(1, 1), bias=False)
                  (bn3): BatchNorm2d(1024, eps=1e-05, momentum=0.1, affine=True, track_running_stats=True)
                  (relu): ReLU(inplace=True)
                )
                (5): Bottleneck(
                  (conv1): Conv2d(1024, 256, kernel_size=(1, 1), stride=(1, 1), bias=False)
                  (bn1): BatchNorm2d(256, eps=1e-05, momentum=0.1, affine=True, track_running_stats=True)
                  (conv2): Conv2d(256, 256, kernel_size=(3, 3), stride=(1, 1), padding=(1, 1), bias=False)
                  (bn2): BatchNorm2d(256, eps=1e-05, momentum=0.1, affine=True, track_running_stats=True)
                  (conv3): Conv2d(256, 1024, kernel_size=(1, 1), stride=(1, 1), bias=False)
                  (bn3): BatchNorm2d(1024, eps=1e-05, momentum=0.1, affine=True, track_running_stats=True)
                  (relu): ReLU(inplace=True)
                )
              )
              (layer4): ResLayer(
                (0): Bottleneck(
                  (conv1): Conv2d(1024, 512, kernel_size=(1, 1), stride=(1, 1), bias=False)
                  (bn1): BatchNorm2d(512, eps=1e-05, momentum=0.1, affine=True, track_running_stats=True)
                  (conv2): Conv2d(512, 512, kernel_size=(3, 3), stride=(2, 2), padding=(1, 1), bias=False)
                  (bn2): BatchNorm2d(512, eps=1e-05, momentum=0.1, affine=True, track_running_stats=True)
                  (conv3): Conv2d(512, 2048, kernel_size=(1, 1), stride=(1, 1), bias=False)
                  (bn3): BatchNorm2d(2048, eps=1e-05, momentum=0.1, affine=True, track_running_stats=True)
                  (relu): ReLU(inplace=True)
                  (downsample): Sequential(
                    (0): Conv2d(1024, 2048, kernel_size=(1, 1), stride=(2, 2), bias=False)
                    (1): BatchNorm2d(2048, eps=1e-05, momentum=0.1, affine=True, track_running_stats=True)
                  )
                )
                (1): Bottleneck(
                  (conv1): Conv2d(2048, 512, kernel_size=(1, 1), stride=(1, 1), bias=False)
                  (bn1): BatchNorm2d(512, eps=1e-05, momentum=0.1, affine=True, track_running_stats=True)
                  (conv2): Conv2d(512, 512, kernel_size=(3, 3), stride=(1, 1), padding=(1, 1), bias=False)
                  (bn2): BatchNorm2d(512, eps=1e-05, momentum=0.1, affine=True, track_running_stats=True)
                  (conv3): Conv2d(512, 2048, kernel_size=(1, 1), stride=(1, 1), bias=False)
                  (bn3): BatchNorm2d(2048, eps=1e-05, momentum=0.1, affine=True, track_running_stats=True)
                  (relu): ReLU(inplace=True)
                )
                (2): Bottleneck(
                  (conv1): Conv2d(2048, 512, kernel_size=(1, 1), stride=(1, 1), bias=False)
                  (bn1): BatchNorm2d(512, eps=1e-05, momentum=0.1, affine=True, track_running_stats=True)
                  (conv2): Conv2d(512, 512, kernel_size=(3, 3), stride=(1, 1), padding=(1, 1), bias=False)
                  (bn2): BatchNorm2d(512, eps=1e-05, momentum=0.1, affine=True, track_running_stats=True)
                  (conv3): Conv2d(512, 2048, kernel_size=(1, 1), stride=(1, 1), bias=False)
                  (bn3): BatchNorm2d(2048, eps=1e-05, momentum=0.1, affine=True, track_running_stats=True)
                  (relu): ReLU(inplace=True)
                )
              )
            )
            init_cfg={'type': 'Pretrained', 'checkpoint': 'torchvision://resnet50'}
          )
          (router): MLPRouter(
            (conv): Conv2d(3, 512, kernel_size=(3, 3), stride=(1, 1))
            (pool): AdaptiveAvgPool2d(output_size=1)
            (fc): Linear(in_features=512, out_features=2, bias=True)
          )
          (conv_swin_1): Conv2d(192, 192, kernel_size=(1, 1), stride=(1, 1))
          (conv_swin_2): Conv2d(384, 384, kernel_size=(1, 1), stride=(1, 1))
          (conv_swin_3): Conv2d(768, 768, kernel_size=(1, 1), stride=(1, 1))
          (conv_resnet_1): Conv2d(512, 192, kernel_size=(1, 1), stride=(1, 1))
          (conv_resnet_2): Conv2d(1024, 384, kernel_size=(1, 1), stride=(1, 1))
          (conv_resnet_3): Conv2d(2048, 768, kernel_size=(1, 1), stride=(1, 1))
        )
      )
      (neck): GeneralizedLSSFPN(
        (lateral_convs): ModuleList(
          (0): ConvModule(
            (conv): Conv2d(448, 256, kernel_size=(1, 1), stride=(1, 1), bias=False)
            (bn): BatchNorm2d(256, eps=1e-05, momentum=0.1, affine=True, track_running_stats=True)
            (activate): ReLU(inplace=True)
          )
          (1): ConvModule(
            (conv): Conv2d(1152, 256, kernel_size=(1, 1), stride=(1, 1), bias=False)
            (bn): BatchNorm2d(256, eps=1e-05, momentum=0.1, affine=True, track_running_stats=True)
            (activate): ReLU(inplace=True)
          )
        )
        (fpn_convs): ModuleList(
          (0): ConvModule(
            (conv): Conv2d(256, 256, kernel_size=(3, 3), stride=(1, 1), padding=(1, 1), bias=False)
            (bn): BatchNorm2d(256, eps=1e-05, momentum=0.1, affine=True, track_running_stats=True)
            (activate): ReLU(inplace=True)
          )
          (1): ConvModule(
            (conv): Conv2d(256, 256, kernel_size=(3, 3), stride=(1, 1), padding=(1, 1), bias=False)
            (bn): BatchNorm2d(256, eps=1e-05, momentum=0.1, affine=True, track_running_stats=True)
            (activate): ReLU(inplace=True)
          )
        )
      )
      (vtransform): DepthLSSTransform(
        (dtransform): Sequential(
          (0): Conv2d(1, 8, kernel_size=(1, 1), stride=(1, 1))
          (1): BatchNorm2d(8, eps=1e-05, momentum=0.1, affine=True, track_running_stats=True)
          (2): ReLU(inplace=True)
          (3): Conv2d(8, 32, kernel_size=(5, 5), stride=(4, 4), padding=(2, 2))
          (4): BatchNorm2d(32, eps=1e-05, momentum=0.1, affine=True, track_running_stats=True)
          (5): ReLU(inplace=True)
          (6): Conv2d(32, 64, kernel_size=(5, 5), stride=(2, 2), padding=(2, 2))
          (7): BatchNorm2d(64, eps=1e-05, momentum=0.1, affine=True, track_running_stats=True)
          (8): ReLU(inplace=True)
        )
        (depthnet): Sequential(
          (0): Conv2d(320, 256, kernel_size=(3, 3), stride=(1, 1), padding=(1, 1))
          (1): BatchNorm2d(256, eps=1e-05, momentum=0.1, affine=True, track_running_stats=True)
          (2): ReLU(inplace=True)
          (3): Conv2d(256, 256, kernel_size=(3, 3), stride=(1, 1), padding=(1, 1))
          (4): BatchNorm2d(256, eps=1e-05, momentum=0.1, affine=True, track_running_stats=True)
          (5): ReLU(inplace=True)
          (6): Conv2d(256, 198, kernel_size=(1, 1), stride=(1, 1))
        )
        (downsample): Sequential(
          (0): Conv2d(80, 80, kernel_size=(3, 3), stride=(1, 1), padding=(1, 1), bias=False)
          (1): BatchNorm2d(80, eps=1e-05, momentum=0.1, affine=True, track_running_stats=True)
          (2): ReLU(inplace=True)
          (3): Conv2d(80, 80, kernel_size=(3, 3), stride=(2, 2), padding=(1, 1), bias=False)
          (4): BatchNorm2d(80, eps=1e-05, momentum=0.1, affine=True, track_running_stats=True)
          (5): ReLU(inplace=True)
          (6): Conv2d(80, 80, kernel_size=(3, 3), stride=(1, 1), padding=(1, 1), bias=False)
          (7): BatchNorm2d(80, eps=1e-05, momentum=0.1, affine=True, track_running_stats=True)
          (8): ReLU(inplace=True)
        )
      )
    )
    (lidar): ModuleDict(
      (voxelize): Voxelization(voxel_size=[0.075, 0.075, 0.2], point_cloud_range=[-54.0, -54.0, -5.0, 54.0, 54.0, 3.0], max_num_points=10, max_voxels=(120000, 160000), deterministic=True)
      (backbone): SparseEncoder(
        (conv_input): SparseSequential(
          (0): SubMConv3d()
          (1): BatchNorm1d(16, eps=0.001, momentum=0.01, affine=True, track_running_stats=True)
          (2): ReLU(inplace=True)
        )
        (encoder_layers): SparseSequential(
          (encoder_layer1): SparseSequential(
            (0): SparseBasicBlock(
              (conv1): SubMConv3d()
              (bn1): BatchNorm1d(16, eps=0.001, momentum=0.01, affine=True, track_running_stats=True)
              (conv2): SubMConv3d()
              (bn2): BatchNorm1d(16, eps=0.001, momentum=0.01, affine=True, track_running_stats=True)
              (relu): ReLU(inplace=True)
            )
            (1): SparseBasicBlock(
              (conv1): SubMConv3d()
              (bn1): BatchNorm1d(16, eps=0.001, momentum=0.01, affine=True, track_running_stats=True)
              (conv2): SubMConv3d()
              (bn2): BatchNorm1d(16, eps=0.001, momentum=0.01, affine=True, track_running_stats=True)
              (relu): ReLU(inplace=True)
            )
            (2): SparseSequential(
              (0): SparseConv3d()
              (1): BatchNorm1d(32, eps=0.001, momentum=0.01, affine=True, track_running_stats=True)
              (2): ReLU(inplace=True)
            )
          )
          (encoder_layer2): SparseSequential(
            (0): SparseBasicBlock(
              (conv1): SubMConv3d()
              (bn1): BatchNorm1d(32, eps=0.001, momentum=0.01, affine=True, track_running_stats=True)
              (conv2): SubMConv3d()
              (bn2): BatchNorm1d(32, eps=0.001, momentum=0.01, affine=True, track_running_stats=True)
              (relu): ReLU(inplace=True)
            )
            (1): SparseBasicBlock(
              (conv1): SubMConv3d()
              (bn1): BatchNorm1d(32, eps=0.001, momentum=0.01, affine=True, track_running_stats=True)
              (conv2): SubMConv3d()
              (bn2): BatchNorm1d(32, eps=0.001, momentum=0.01, affine=True, track_running_stats=True)
              (relu): ReLU(inplace=True)
            )
            (2): SparseSequential(
              (0): SparseConv3d()
              (1): BatchNorm1d(64, eps=0.001, momentum=0.01, affine=True, track_running_stats=True)
              (2): ReLU(inplace=True)
            )
          )
          (encoder_layer3): SparseSequential(
            (0): SparseBasicBlock(
              (conv1): SubMConv3d()
              (bn1): BatchNorm1d(64, eps=0.001, momentum=0.01, affine=True, track_running_stats=True)
              (conv2): SubMConv3d()
              (bn2): BatchNorm1d(64, eps=0.001, momentum=0.01, affine=True, track_running_stats=True)
              (relu): ReLU(inplace=True)
            )
            (1): SparseBasicBlock(
              (conv1): SubMConv3d()
              (bn1): BatchNorm1d(64, eps=0.001, momentum=0.01, affine=True, track_running_stats=True)
              (conv2): SubMConv3d()
              (bn2): BatchNorm1d(64, eps=0.001, momentum=0.01, affine=True, track_running_stats=True)
              (relu): ReLU(inplace=True)
            )
            (2): SparseSequential(
              (0): SparseConv3d()
              (1): BatchNorm1d(128, eps=0.001, momentum=0.01, affine=True, track_running_stats=True)
              (2): ReLU(inplace=True)
            )
          )
          (encoder_layer4): SparseSequential(
            (0): SparseBasicBlock(
              (conv1): SubMConv3d()
              (bn1): BatchNorm1d(128, eps=0.001, momentum=0.01, affine=True, track_running_stats=True)
              (conv2): SubMConv3d()
              (bn2): BatchNorm1d(128, eps=0.001, momentum=0.01, affine=True, track_running_stats=True)
              (relu): ReLU(inplace=True)
            )
            (1): SparseBasicBlock(
              (conv1): SubMConv3d()
              (bn1): BatchNorm1d(128, eps=0.001, momentum=0.01, affine=True, track_running_stats=True)
              (conv2): SubMConv3d()
              (bn2): BatchNorm1d(128, eps=0.001, momentum=0.01, affine=True, track_running_stats=True)
              (relu): ReLU(inplace=True)
            )
          )
        )
        (conv_out): SparseSequential(
          (0): SparseConv3d()
          (1): BatchNorm1d(128, eps=0.001, momentum=0.01, affine=True, track_running_stats=True)
          (2): ReLU(inplace=True)
        )
      )
    )
  )
  (fuser): ConvFuser(
    (0): Conv2d(336, 256, kernel_size=(3, 3), stride=(1, 1), padding=(1, 1), bias=False)
    (1): BatchNorm2d(256, eps=1e-05, momentum=0.1, affine=True, track_running_stats=True)
    (2): ReLU(inplace=True)
  )
  (decoder): ModuleDict(
    (backbone): SECOND(
      (blocks): ModuleList(
        (0): Sequential(
          (0): Conv2d(256, 128, kernel_size=(3, 3), stride=(1, 1), padding=(1, 1), bias=False)
          (1): BatchNorm2d(128, eps=0.001, momentum=0.01, affine=True, track_running_stats=True)
          (2): ReLU(inplace=True)
          (3): Conv2d(128, 128, kernel_size=(3, 3), stride=(1, 1), padding=(1, 1), bias=False)
          (4): BatchNorm2d(128, eps=0.001, momentum=0.01, affine=True, track_running_stats=True)
          (5): ReLU(inplace=True)
          (6): Conv2d(128, 128, kernel_size=(3, 3), stride=(1, 1), padding=(1, 1), bias=False)
          (7): BatchNorm2d(128, eps=0.001, momentum=0.01, affine=True, track_running_stats=True)
          (8): ReLU(inplace=True)
          (9): Conv2d(128, 128, kernel_size=(3, 3), stride=(1, 1), padding=(1, 1), bias=False)
          (10): BatchNorm2d(128, eps=0.001, momentum=0.01, affine=True, track_running_stats=True)
          (11): ReLU(inplace=True)
          (12): Conv2d(128, 128, kernel_size=(3, 3), stride=(1, 1), padding=(1, 1), bias=False)
          (13): BatchNorm2d(128, eps=0.001, momentum=0.01, affine=True, track_running_stats=True)
          (14): ReLU(inplace=True)
          (15): Conv2d(128, 128, kernel_size=(3, 3), stride=(1, 1), padding=(1, 1), bias=False)
          (16): BatchNorm2d(128, eps=0.001, momentum=0.01, affine=True, track_running_stats=True)
          (17): ReLU(inplace=True)
        )
        (1): Sequential(
          (0): Conv2d(128, 256, kernel_size=(3, 3), stride=(2, 2), padding=(1, 1), bias=False)
          (1): BatchNorm2d(256, eps=0.001, momentum=0.01, affine=True, track_running_stats=True)
          (2): ReLU(inplace=True)
          (3): Conv2d(256, 256, kernel_size=(3, 3), stride=(1, 1), padding=(1, 1), bias=False)
          (4): BatchNorm2d(256, eps=0.001, momentum=0.01, affine=True, track_running_stats=True)
          (5): ReLU(inplace=True)
          (6): Conv2d(256, 256, kernel_size=(3, 3), stride=(1, 1), padding=(1, 1), bias=False)
          (7): BatchNorm2d(256, eps=0.001, momentum=0.01, affine=True, track_running_stats=True)
          (8): ReLU(inplace=True)
          (9): Conv2d(256, 256, kernel_size=(3, 3), stride=(1, 1), padding=(1, 1), bias=False)
          (10): BatchNorm2d(256, eps=0.001, momentum=0.01, affine=True, track_running_stats=True)
          (11): ReLU(inplace=True)
          (12): Conv2d(256, 256, kernel_size=(3, 3), stride=(1, 1), padding=(1, 1), bias=False)
          (13): BatchNorm2d(256, eps=0.001, momentum=0.01, affine=True, track_running_stats=True)
          (14): ReLU(inplace=True)
          (15): Conv2d(256, 256, kernel_size=(3, 3), stride=(1, 1), padding=(1, 1), bias=False)
          (16): BatchNorm2d(256, eps=0.001, momentum=0.01, affine=True, track_running_stats=True)
          (17): ReLU(inplace=True)
        )
      )
    )
    init_cfg={'type': 'Kaiming', 'layer': 'Conv2d'}
    (neck): SECONDFPN(
      (deblocks): ModuleList(
        (0): Sequential(
          (0): Conv2d(128, 256, kernel_size=(1, 1), stride=(1, 1), bias=False)
          (1): BatchNorm2d(256, eps=0.001, momentum=0.01, affine=True, track_running_stats=True)
          (2): ReLU(inplace=True)
        )
        (1): Sequential(
          (0): ConvTranspose2d(256, 256, kernel_size=(2, 2), stride=(2, 2), bias=False)
          (1): BatchNorm2d(256, eps=0.001, momentum=0.01, affine=True, track_running_stats=True)
          (2): ReLU(inplace=True)
        )
      )
    )
    init_cfg=[{'type': 'Kaiming', 'layer': 'ConvTranspose2d'}, {'type': 'Constant', 'layer': 'NaiveSyncBatchNorm2d', 'val': 1.0}]
  )
  (heads): ModuleDict(
    (object): TransFusionHead(
      (loss_cls): FocalLoss()
      (loss_bbox): L1Loss()
      (loss_iou): VarifocalLoss()
      (loss_heatmap): GaussianFocalLoss()
      (shared_conv): Conv2d(512, 128, kernel_size=(3, 3), stride=(1, 1), padding=(1, 1))
      (heatmap_head): Sequential(
        (0): ConvModule(
          (conv): Conv2d(128, 128, kernel_size=(3, 3), stride=(1, 1), padding=(1, 1), bias=False)
          (bn): BatchNorm2d(128, eps=1e-05, momentum=0.1, affine=True, track_running_stats=True)
          (activate): ReLU(inplace=True)
        )
        (1): Conv2d(128, 10, kernel_size=(3, 3), stride=(1, 1), padding=(1, 1))
      )
      (class_encoding): Conv1d(10, 128, kernel_size=(1,), stride=(1,))
      (decoder): ModuleList(
        (0): TransformerDecoderLayer(
          (self_attn): MultiheadAttention(
            (out_proj): Linear(in_features=128, out_features=128, bias=True)
          )
          (multihead_attn): MultiheadAttention(
            (out_proj): Linear(in_features=128, out_features=128, bias=True)
          )
          (linear1): Linear(in_features=128, out_features=256, bias=True)
          (dropout): Dropout(p=0.1, inplace=False)
          (linear2): Linear(in_features=256, out_features=128, bias=True)
          (norm1): LayerNorm((128,), eps=1e-05, elementwise_affine=True)
          (norm2): LayerNorm((128,), eps=1e-05, elementwise_affine=True)
          (norm3): LayerNorm((128,), eps=1e-05, elementwise_affine=True)
          (dropout1): Dropout(p=0.1, inplace=False)
          (dropout2): Dropout(p=0.1, inplace=False)
          (dropout3): Dropout(p=0.1, inplace=False)
          (self_posembed): PositionEmbeddingLearned(
            (position_embedding_head): Sequential(
              (0): Conv1d(2, 128, kernel_size=(1,), stride=(1,))
              (1): BatchNorm1d(128, eps=1e-05, momentum=0.1, affine=True, track_running_stats=True)
              (2): ReLU(inplace=True)
              (3): Conv1d(128, 128, kernel_size=(1,), stride=(1,))
            )
          )
          (cross_posembed): PositionEmbeddingLearned(
            (position_embedding_head): Sequential(
              (0): Conv1d(2, 128, kernel_size=(1,), stride=(1,))
              (1): BatchNorm1d(128, eps=1e-05, momentum=0.1, affine=True, track_running_stats=True)
              (2): ReLU(inplace=True)
              (3): Conv1d(128, 128, kernel_size=(1,), stride=(1,))
            )
          )
        )
      )
      (prediction_heads): ModuleList(
        (0): FFN(
          (center): Sequential(
            (0): ConvModule(
              (conv): Conv1d(128, 64, kernel_size=(1,), stride=(1,), bias=False)
              (bn): BatchNorm1d(64, eps=1e-05, momentum=0.1, affine=True, track_running_stats=True)
              (activate): ReLU(inplace=True)
            )
            (1): Conv1d(64, 2, kernel_size=(1,), stride=(1,))
          )
          (height): Sequential(
            (0): ConvModule(
              (conv): Conv1d(128, 64, kernel_size=(1,), stride=(1,), bias=False)
              (bn): BatchNorm1d(64, eps=1e-05, momentum=0.1, affine=True, track_running_stats=True)
              (activate): ReLU(inplace=True)
            )
            (1): Conv1d(64, 1, kernel_size=(1,), stride=(1,))
          )
          (dim): Sequential(
            (0): ConvModule(
              (conv): Conv1d(128, 64, kernel_size=(1,), stride=(1,), bias=False)
              (bn): BatchNorm1d(64, eps=1e-05, momentum=0.1, affine=True, track_running_stats=True)
              (activate): ReLU(inplace=True)
            )
            (1): Conv1d(64, 3, kernel_size=(1,), stride=(1,))
          )
          (rot): Sequential(
            (0): ConvModule(
              (conv): Conv1d(128, 64, kernel_size=(1,), stride=(1,), bias=False)
              (bn): BatchNorm1d(64, eps=1e-05, momentum=0.1, affine=True, track_running_stats=True)
              (activate): ReLU(inplace=True)
            )
            (1): Conv1d(64, 2, kernel_size=(1,), stride=(1,))
          )
          (vel): Sequential(
            (0): ConvModule(
              (conv): Conv1d(128, 64, kernel_size=(1,), stride=(1,), bias=False)
              (bn): BatchNorm1d(64, eps=1e-05, momentum=0.1, affine=True, track_running_stats=True)
              (activate): ReLU(inplace=True)
            )
            (1): Conv1d(64, 2, kernel_size=(1,), stride=(1,))
          )
          (heatmap): Sequential(
            (0): ConvModule(
              (conv): Conv1d(128, 64, kernel_size=(1,), stride=(1,), bias=False)
              (bn): BatchNorm1d(64, eps=1e-05, momentum=0.1, affine=True, track_running_stats=True)
              (activate): ReLU(inplace=True)
            )
            (1): Conv1d(64, 10, kernel_size=(1,), stride=(1,))
          )
        )
      )
    )
  )
)
2025-04-28 10:04:09,262 - mmdet3d - INFO - Start running, host: root@1cf78a6d245c, work_dir: /bevfusion/train_result
2025-04-28 10:04:09,262 - mmdet3d - INFO - Hooks will be executed in the following order:
before_run:
(VERY_HIGH   ) CosineAnnealingLrUpdaterHook       
(HIGH        ) CyclicMomentumUpdaterHook          
(ABOVE_NORMAL) Fp16OptimizerHook                  
(NORMAL      ) CheckpointHook                     
(NORMAL      ) DistEvalHook                       
(VERY_LOW    ) TextLoggerHook                     
(VERY_LOW    ) TensorboardLoggerHook              
 -------------------- 
before_train_epoch:
(VERY_HIGH   ) CosineAnnealingLrUpdaterHook       
(HIGH        ) CyclicMomentumUpdaterHook          
(NORMAL      ) DistSamplerSeedHook                
(NORMAL      ) DistEvalHook                       
(LOW         ) IterTimerHook                      
(VERY_LOW    ) TextLoggerHook                     
(VERY_LOW    ) TensorboardLoggerHook              
 -------------------- 
before_train_iter:
(VERY_HIGH   ) CosineAnnealingLrUpdaterHook       
(HIGH        ) CyclicMomentumUpdaterHook          
(NORMAL      ) DistEvalHook                       
(LOW         ) IterTimerHook                      
 -------------------- 
after_train_iter:
(ABOVE_NORMAL) Fp16OptimizerHook                  
(NORMAL      ) CheckpointHook                     
(NORMAL      ) DistEvalHook                       
(LOW         ) IterTimerHook                      
(VERY_LOW    ) TextLoggerHook                     
(VERY_LOW    ) TensorboardLoggerHook              
 -------------------- 
after_train_epoch:
(NORMAL      ) CheckpointHook                     
(NORMAL      ) DistEvalHook                       
(VERY_LOW    ) TextLoggerHook                     
(VERY_LOW    ) TensorboardLoggerHook              
 -------------------- 
before_val_epoch:
(NORMAL      ) DistSamplerSeedHook                
(LOW         ) IterTimerHook                      
(VERY_LOW    ) TextLoggerHook                     
(VERY_LOW    ) TensorboardLoggerHook              
 -------------------- 
before_val_iter:
(LOW         ) IterTimerHook                      
 -------------------- 
after_val_iter:
(LOW         ) IterTimerHook                      
 -------------------- 
after_val_epoch:
(VERY_LOW    ) TextLoggerHook                     
(VERY_LOW    ) TensorboardLoggerHook              
 -------------------- 
after_run:
(VERY_LOW    ) TextLoggerHook                     
(VERY_LOW    ) TensorboardLoggerHook              
 -------------------- 
2025-04-28 10:04:09,262 - mmdet3d - INFO - workflow: [('train', 1)], max: 6 epochs
2025-04-28 10:04:09,266 - mmdet3d - INFO - Checkpoints will be saved to /bevfusion/train_result by HardDiskBackend.
before camera backbone, x shape is  torch.Size([6, 3, 256, 704])
after camera backbone,x shape is  [torch.Size([6, 192, 32, 88]), torch.Size([6, 384, 16, 44]), torch.Size([6, 768, 8, 22])]
